==============================================================================
20160922 21:40:09.334 - INFO - + START SUITE: Acceptancetest [ ]
==============================================================================
20160922 21:40:09.381 - INFO - +- START SUITE: Acceptancetest.CSV-JSONConversion [ ]
==============================================================================
20160922 21:40:09.397 - INFO - +-- START TEST: CSV to JSON to CSV Yields Original [ ]
------------------------------------------------------------------------------
20160922 21:40:09.397 - INFO - +--- START KW: OperatingSystem.Get File [ src/test/resources/grades.csv ]
20160922 21:40:09.397 - INFO - ${contents} = "ID","Total","Assignment 1","Assignment 2","Exam 1"
"111278","611","146","128","337"
"111352","867","227","228","412"
"111373","461","96","90","275"
"111305","835","220","217","398"
"111399","898","22...
20160922 21:40:09.397 - INFO - +--- END KW: OperatingSystem.Get File (0)
~~~~~~~~~~~~~~~~~~~~~~~~~~~~~~~~~~~~~~~~~~~~~~~~~~~~~~~~~~~~~~~~~~~~~~~~~~~~~~
20160922 21:40:09.397 - INFO - +--- START KW: keywords.ConverterKeywords.Convert To Json [ ${contents} ]
20160922 21:40:09.397 - INFO - ${json} = {"rowHeaders":["111278","111352","111373","111305","111399","111160","111276","111241"],"data":[[611,146,128,337],[867,227,228,412],[461,96,90,275],[835,220,217,398],[898,226,229,443],[454,77,125,252]...
20160922 21:40:09.397 - INFO - +--- END KW: keywords.ConverterKeywords.Convert To Json (0)
~~~~~~~~~~~~~~~~~~~~~~~~~~~~~~~~~~~~~~~~~~~~~~~~~~~~~~~~~~~~~~~~~~~~~~~~~~~~~~
20160922 21:40:09.397 - INFO - +--- START KW: keywords.ConverterKeywords.Convert To Csv [ ${json} ]
20160922 21:40:09.397 - INFO - ${csv} = "ID","Total","Assignment 1","Assignment 2","Exam 1"
"111278","611","146","128","337"
"111352","867","227","228","412"
"111373","461","96","90","275"
"111305","835","220","217","398"
"111399","898","22...
20160922 21:40:09.397 - INFO - +--- END KW: keywords.ConverterKeywords.Convert To Csv (0)
~~~~~~~~~~~~~~~~~~~~~~~~~~~~~~~~~~~~~~~~~~~~~~~~~~~~~~~~~~~~~~~~~~~~~~~~~~~~~~
20160922 21:40:09.397 - INFO - +--- START KW: BuiltIn.Should Be Equal [ ${contents} | ${csv} ]
20160922 21:40:09.414 - INFO - +--- END KW: BuiltIn.Should Be Equal (17)
------------------------------------------------------------------------------
20160922 21:40:09.415 - INFO - +-- END TEST: CSV to JSON to CSV Yields Original (17)
------------------------------------------------------------------------------
20160922 21:40:09.416 - INFO - +-- START TEST: JSON to CSV to JSON Yields Original [ ]
------------------------------------------------------------------------------
20160922 21:40:09.418 - INFO - +--- START KW: OperatingSystem.Get File [ src/test/resources/grades.json ]
20160922 21:40:09.419 - INFO - ${contents} = {
    "colHeaders":["Total","Assignment 1","Assignment 2","Exam 1"],
    "rowHeaders":["111278","111352","111373","111305","111399","111160","111276","111241"],
    "data":[[611,146,128,337],
        ...
20160922 21:40:09.419 - INFO - +--- END KW: OperatingSystem.Get File (1)
~~~~~~~~~~~~~~~~~~~~~~~~~~~~~~~~~~~~~~~~~~~~~~~~~~~~~~~~~~~~~~~~~~~~~~~~~~~~~~
20160922 21:40:09.419 - INFO - +--- START KW: keywords.ConverterKeywords.Convert To Csv [ ${contents} ]
20160922 21:40:09.419 - INFO - ${csv} = "ID","Total","Assignment 1","Assignment 2","Exam 1"
"111278","611","146","128","337"
"111352","867","227","228","412"
"111373","461","96","90","275"
"111305","835","220","217","398"
"111399","898","22...
20160922 21:40:09.419 - INFO - +--- END KW: keywords.ConverterKeywords.Convert To Csv (0)
~~~~~~~~~~~~~~~~~~~~~~~~~~~~~~~~~~~~~~~~~~~~~~~~~~~~~~~~~~~~~~~~~~~~~~~~~~~~~~
20160922 21:40:09.419 - INFO - +--- START KW: keywords.ConverterKeywords.Convert To Json [ ${csv} ]
20160922 21:40:09.419 - INFO - ${json} = {"rowHeaders":["111278","111352","111373","111305","111399","111160","111276","111241"],"data":[[611,146,128,337],[867,227,228,412],[461,96,90,275],[835,220,217,398],[898,226,229,443],[454,77,125,252]...
20160922 21:40:09.419 - INFO - +--- END KW: keywords.ConverterKeywords.Convert To Json (0)
~~~~~~~~~~~~~~~~~~~~~~~~~~~~~~~~~~~~~~~~~~~~~~~~~~~~~~~~~~~~~~~~~~~~~~~~~~~~~~
20160922 21:40:09.419 - INFO - +--- START KW: keywords.ConverterKeywords.Json Strings Are Equal [ ${contents} | ${json} ]
20160922 21:40:09.419 - INFO - ${same} = True
20160922 21:40:09.419 - INFO - +--- END KW: keywords.ConverterKeywords.Json Strings Are Equal (0)
~~~~~~~~~~~~~~~~~~~~~~~~~~~~~~~~~~~~~~~~~~~~~~~~~~~~~~~~~~~~~~~~~~~~~~~~~~~~~~
20160922 21:40:09.419 - INFO - +--- START KW: BuiltIn.Should Be True [ ${same} ]
20160922 21:40:09.419 - INFO - +--- END KW: BuiltIn.Should Be True (0)
------------------------------------------------------------------------------
20160922 21:40:09.419 - INFO - +-- END TEST: JSON to CSV to JSON Yields Original (3)
------------------------------------------------------------------------------
20160922 21:40:09.434 - INFO - +- END SUITE: Acceptancetest.CSV-JSONConversion (85)
==============================================================================
20160922 21:40:09.434 - INFO - + END SUITE: Acceptancetest (184)
==============================================================================
